     1                                 %line 1+1 bits2.s
     2                                 [segment .bss]
     3 00000000 <gap>                  set resq 10
     4                                 
     5                                 [segment .text]
     6                                 [global _start]
     7                                 _start:
     8 00000000 480FBA2C25[00000000]-     bts qword [set], 4
     9 00000000 04                 
    10 0000000A 480FBA2C25[00000000]-     bts qword [set], 7
    11 0000000A 07                 
    12 00000014 480FBA2C25[00000000]-     bts qword [set], 8
    13 00000014 08                 
    14 0000001E 480FBA2C25[08000000]-     bts qword [set+8], 12
    15 0000001E 0C                 
    16 00000028 48C7C04C000000          mov rax, 76
    17 0000002F 4889C3                  mov rbx, rax
    18 00000032 48C1EB06                shr rbx, 6
    19 00000036 4889C1                  mov rcx, rax
    20 00000039 4883E13F                and rcx, 0x3F
    21 0000003D 4831D2                  xor rdx, rdx
    22 00000040 480FA30CDD[00000000]      bt [set+8*rbx], rcx
    23 00000049 0F92D2                  setc dl
    24 0000004C 480FAB0CDD[00000000]      bts [set+8*rbx], rcx
    25 00000055 480FB30CDD[00000000]      btr [set+8*rbx], rcx
    26 0000005E 48C7C03C000000          mov rax, 60
    27 00000065 4831FF                  xor rdi, rdi
    28 00000068 0F05                    syscall
