     1                                 %line 1+1 exc3.s
     2                                 [section .data]
     3 00000000 5A00000000000000       gr1 dq 90
     4 00000008 5F00000000000000       gr2 dq 95
     5 00000010 5400000000000000       gr3 dq 84
     6 00000018 4E00000000000000       gr4 dq 78
     7                                 
     8 00000020 0000000000000000       avg dq 0
     9 00000028 0000000000000000       rem dq 0
    10                                 
    11                                 [section .text]
    12                                 [global _start]
    13                                 _start:
    14 00000000 488B0425[00000000]      mov rax, [gr1]
    15 00000008 48030425[00000000]      add rax, [gr2]
    16 00000010 48030425[00000000]      add rax, [gr3]
    17 00000018 48030425[00000000]      add rax, [gr4]
    18                                 
    19 00000020 48C7C304000000          mov rbx, 4
    20 00000027 48F7FB                  idiv rbx
    21                                 
    22 0000002A 48890425[00000000]      mov [avg], rax
    23 00000032 48891425[00000000]      mov [rem], rdx
    24                                 
    25 0000003A 48C7C03C000000          mov rax, 60
    26 00000041 4831FF                  xor rdi, rdi
    27 00000044 0F05                    syscall
