     1                                 %line 1+1 exc3.s
     2                                 [section .data]
     3 00000000 0A00                   a dw 10
     4 00000002 1400                   b dw 20
     5 00000004 1E00                   c dw 30
     6 00000006 0000000000000000       apb dq 0
     7 0000000E 0000000000000000       amb dq 0
     8 00000016 0000000000000000       apc dq 0
     9 0000001E 0000000000000000       amc dq 0
    10                                 
    11                                 [section .text]
    12                                 [global _start]
    13                                 _start:
    14 00000000 668B0425[00000000]      mov ax, [a]
    15 00000008 668B1C25[00000000]      mov bx, [b]
    16 00000010 668B0C25[00000000]      mov cx, [c]
    17                                 
    18                                 math:
    19 00000018 6689C2                  mov dx, ax
    20 0000001B 6601DA                  add dx, bx
    21 0000001E 66891425[00000000]      mov [apb], dx
    22                                 
    23 00000026 6689C2                  mov dx, ax
    24 00000029 6629DA                  sub dx, bx
    25 0000002C 480FBFD2                movsx rdx, word dx
    26 00000030 48891425[00000000]      mov [amb], rdx
    27                                 
    28 00000038 6689C2                  mov dx, ax
    29 0000003B 6601CA                  add dx, cx
    30 0000003E 66891425[00000000]      mov [apc], dx
    31                                 
    32 00000046 6689C2                  mov dx, ax
    33 00000049 6629CA                  sub dx, cx
    34 0000004C 480FBFD2                movsx rdx, word dx
    35 00000050 48891425[00000000]      mov [amc], rdx
    36                                 
    37                                 exit:
    38 00000058 48C7C03C000000          mov rax, 60
    39 0000005F 4831FF                  xor rdi, rdi
    40 00000062 0F05                    syscall
